android/app/build/intermediates/manifest_merge_blame_file/release/manifest-merger-blame-release-report.txt
1<?xml version="1.0" encoding="utf-8"?>
2<manifest xmlns:android="http://schemas.android.com/apk/res/android"
3    package="com.tirumanamonline"
4    android:versionCode="6"
5    android:versionName="2.3" >
6
7    <uses-sdk
8        android:minSdkVersion="21"
8-->src\main\AndroidManifest.xml
9        android:targetSdkVersion="31" />
9-->src\main\AndroidManifest.xml
10
11    <uses-permission android:name="android.permission.INTERNET" />
11-->src\main\AndroidManifest.xml:4:5-67
11-->src\main\AndroidManifest.xml:4:22-64
12
13    <queries>
13-->[:react-native-image-crop-picker] AndroidManifest.xml:9:5-13:15
14        <intent>
14-->[:react-native-image-crop-picker] AndroidManifest.xml:10:9-12:18
15            <action android:name="android.media.action.IMAGE_CAPTURE" />
15-->[:react-native-image-crop-picker] AndroidManifest.xml:11:13-73
15-->[:react-native-image-crop-picker] AndroidManifest.xml:11:21-70
16        </intent>
17    </queries>
18
19    <uses-permission android:name="android.permission.WRITE_EXTERNAL_STORAGE" /> <!-- Required by older versions of Google Play services to create IID tokens -->
19-->[:react-native-image-crop-picker] AndroidManifest.xml:15:5-81
19-->[:react-native-image-crop-picker] AndroidManifest.xml:15:22-78
20    <uses-permission android:name="com.google.android.c2dm.permission.RECEIVE" />
20-->[com.google.android.gms:play-services-iid:17.0.0] AndroidManifest.xml:23:5-82
20-->[com.google.android.gms:play-services-iid:17.0.0] AndroidManifest.xml:23:22-79
21    <uses-permission android:name="com.google.android.finsky.permission.BIND_GET_INSTALL_REFERRER_SERVICE" />
21-->[com.android.installreferrer:installreferrer:1.1.2] AndroidManifest.xml:9:5-110
21-->[com.android.installreferrer:installreferrer:1.1.2] AndroidManifest.xml:9:22-107
22
23    <application
23-->src\main\AndroidManifest.xml:7:5-27:19
24        android:name="com.tirumanamonline.MainApplication"
24-->src\main\AndroidManifest.xml:8:7-38
25        android:allowBackup="false"
25-->src\main\AndroidManifest.xml:12:7-34
26        android:appComponentFactory="androidx.core.app.CoreComponentFactory"
26-->[androidx.core:core:1.7.0] AndroidManifest.xml:24:18-86
27        android:icon="@mipmap/ic_launcher"
27-->src\main\AndroidManifest.xml:10:7-41
28        android:label="@string/app_name"
28-->src\main\AndroidManifest.xml:9:7-39
29        android:roundIcon="@mipmap/ic_launcher_round"
29-->src\main\AndroidManifest.xml:11:7-52
30        android:theme="@style/AppTheme"
30-->src\main\AndroidManifest.xml:14:7-38
31        android:usesCleartextTraffic="true" >
31-->src\main\AndroidManifest.xml:13:7-42
32        <activity
32-->src\main\AndroidManifest.xml:15:7-26:18
33            android:name="com.tirumanamonline.MainActivity"
33-->src\main\AndroidManifest.xml:16:9-37
34            android:configChanges="keyboard|keyboardHidden|orientation|screenLayout|screenSize|smallestScreenSize|uiMode"
34-->src\main\AndroidManifest.xml:18:9-118
35            android:exported="true"
35-->src\main\AndroidManifest.xml:21:9-32
36            android:label="@string/app_name"
36-->src\main\AndroidManifest.xml:17:9-41
37            android:launchMode="singleTask"
37-->src\main\AndroidManifest.xml:19:9-40
38            android:windowSoftInputMode="adjustResize" >
38-->src\main\AndroidManifest.xml:20:9-51
39            <intent-filter>
39-->src\main\AndroidManifest.xml:22:9-25:25
40                <action android:name="android.intent.action.MAIN" />
40-->src\main\AndroidManifest.xml:23:13-65
40-->src\main\AndroidManifest.xml:23:21-62
41
42                <category android:name="android.intent.category.LAUNCHER" />
42-->src\main\AndroidManifest.xml:24:13-73
42-->src\main\AndroidManifest.xml:24:23-70
43            </intent-filter>
44        </activity>
45
46        <provider
46-->[:react-native-image-crop-picker] AndroidManifest.xml:18:9-26:20
47            android:name="com.reactnative.ivpusic.imagepicker.IvpusicImagePickerFileProvider"
47-->[:react-native-image-crop-picker] AndroidManifest.xml:19:13-94
48            android:authorities="com.tirumanamonline.provider"
48-->[:react-native-image-crop-picker] AndroidManifest.xml:20:13-60
49            android:exported="false"
49-->[:react-native-image-crop-picker] AndroidManifest.xml:21:13-37
50            android:grantUriPermissions="true" >
50-->[:react-native-image-crop-picker] AndroidManifest.xml:22:13-47
51            <meta-data
51-->[:react-native-image-crop-picker] AndroidManifest.xml:23:13-25:78
52                android:name="android.support.FILE_PROVIDER_PATHS"
52-->[:react-native-image-crop-picker] AndroidManifest.xml:24:17-67
53                android:resource="@xml/ivpusic_imagepicker_provider_paths" />
53-->[:react-native-image-crop-picker] AndroidManifest.xml:25:17-75
54        </provider>
55
56        <activity
56-->[:react-native-image-crop-picker] AndroidManifest.xml:28:9-30:72
57            android:name="com.yalantis.ucrop.UCropActivity"
57-->[:react-native-image-crop-picker] AndroidManifest.xml:29:13-60
58            android:theme="@style/Theme.AppCompat.Light.NoActionBar" />
58-->[:react-native-image-crop-picker] AndroidManifest.xml:30:13-69
59        <activity
59-->[com.google.android.gms:play-services-base:17.0.0] AndroidManifest.xml:23:9-26:75
60            android:name="com.google.android.gms.common.api.GoogleApiActivity"
60-->[com.google.android.gms:play-services-base:17.0.0] AndroidManifest.xml:24:13-79
61            android:exported="false"
61-->[com.google.android.gms:play-services-base:17.0.0] AndroidManifest.xml:25:13-37
62            android:theme="@android:style/Theme.Translucent.NoTitleBar" />
62-->[com.google.android.gms:play-services-base:17.0.0] AndroidManifest.xml:26:13-72
63
64        <meta-data
64-->[com.google.android.gms:play-services-basement:17.0.0] AndroidManifest.xml:23:9-25:69
65            android:name="com.google.android.gms.version"
65-->[com.google.android.gms:play-services-basement:17.0.0] AndroidManifest.xml:24:13-58
66            android:value="@integer/google_play_services_version" />
66-->[com.google.android.gms:play-services-basement:17.0.0] AndroidManifest.xml:25:13-66
67
68        <provider
68-->[androidx.emoji2:emoji2:1.0.0] AndroidManifest.xml:26:9-34:20
69            android:name="androidx.startup.InitializationProvider"
69-->[androidx.emoji2:emoji2:1.0.0] AndroidManifest.xml:27:13-67
70            android:authorities="com.tirumanamonline.androidx-startup"
70-->[androidx.emoji2:emoji2:1.0.0] AndroidManifest.xml:28:13-68
71            android:exported="false" >
71-->[androidx.emoji2:emoji2:1.0.0] AndroidManifest.xml:29:13-37
72            <meta-data
72-->[androidx.emoji2:emoji2:1.0.0] AndroidManifest.xml:31:13-33:52
73                android:name="androidx.emoji2.text.EmojiCompatInitializer"
73-->[androidx.emoji2:emoji2:1.0.0] AndroidManifest.xml:32:17-75
74                android:value="androidx.startup" />
74-->[androidx.emoji2:emoji2:1.0.0] AndroidManifest.xml:33:17-49
75            <meta-data
75-->[androidx.lifecycle:lifecycle-process:2.4.0] AndroidManifest.xml:31:13-33:52
76                android:name="androidx.lifecycle.ProcessLifecycleInitializer"
76-->[androidx.lifecycle:lifecycle-process:2.4.0] AndroidManifest.xml:32:17-78
77                android:value="androidx.startup" />
77-->[androidx.lifecycle:lifecycle-process:2.4.0] AndroidManifest.xml:33:17-49
78        </provider>
79    </application>
80
81</manifest>